  stdafx.cpp
  AudioManager.cpp
  Battle.cpp
  Camera.cpp
  Character.cpp
  Core.cpp
  Enemie.cpp
  Evolve.cpp
  Game.cpp
  KnowMove.cpp
  Level.cpp
  main.cpp
  Matrix2x3.cpp
  Move.cpp
  MoveManager.cpp
  Pokemon.cpp
  PokemonManager.cpp
  PokemonType.cpp
  SoundEffect.cpp
  SoundStream.cpp
  StatusEffects.cpp
  Generating Code...
  Compiling...
  structs.cpp
  TeamPokemon.cpp
  Texture.cpp
  utils.cpp
  Vector2f.cpp
  Generating Code...
  Janssens_Stef_Game.vcxproj -> D:\Stef\Stef\Pokemon\Debug\Janssens_Stef_Pokemon.exe
